[debug] [2025-09-21T18:11:43.597Z] ----------------------------------------------------------------------
[debug] [2025-09-21T18:11:43.605Z] Command:       C:\Program Files\nodejs\node.exe C:\Users\aadil\AppData\Roaming\npm\node_modules\firebase-tools\lib\bin\firebase.js projects:list
[debug] [2025-09-21T18:11:43.605Z] CLI Version:   13.34.0
[debug] [2025-09-21T18:11:43.606Z] Platform:      win32
[debug] [2025-09-21T18:11:43.606Z] Node Version:  v22.8.0
[debug] [2025-09-21T18:11:43.606Z] Time:          Sun Sep 21 2025 23:41:43 GMT+0530 (India Standard Time)
[debug] [2025-09-21T18:11:43.606Z] ----------------------------------------------------------------------
[debug] 
[debug] [2025-09-21T18:11:43.843Z] > command requires scopes: ["email","openid","https://www.googleapis.com/auth/cloudplatformprojects.readonly","https://www.googleapis.com/auth/firebase","https://www.googleapis.com/auth/cloud-platform"]
[debug] [2025-09-21T18:11:43.843Z] > authorizing via signed-in user (aadilshaikh2164@gmail.com)
[debug] [2025-09-21T18:11:43.850Z] Checked if tokens are valid: false, expires at: 1742506405486
[debug] [2025-09-21T18:11:43.850Z] Checked if tokens are valid: false, expires at: 1742506405486
[debug] [2025-09-21T18:11:43.850Z] > refreshing access token with scopes: []
[debug] [2025-09-21T18:11:43.851Z] >>> [apiv2][query] POST https://www.googleapis.com/oauth2/v3/token [none]
[debug] [2025-09-21T18:11:43.852Z] >>> [apiv2][body] POST https://www.googleapis.com/oauth2/v3/token [omitted]
[debug] [2025-09-21T18:11:44.087Z] <<< [apiv2][status] POST https://www.googleapis.com/oauth2/v3/token 400
[debug] [2025-09-21T18:11:44.087Z] <<< [apiv2][body] POST https://www.googleapis.com/oauth2/v3/token [omitted]
[debug] [2025-09-21T18:11:44.090Z] >>> [apiv2][query] GET https://firebase.googleapis.com/v1beta1/projects pageSize=1000
[debug] [2025-09-21T18:11:44.296Z] <<< [apiv2][status] GET https://firebase.googleapis.com/v1beta1/projects 401
[debug] [2025-09-21T18:11:44.297Z] <<< [apiv2][body] GET https://firebase.googleapis.com/v1beta1/projects [omitted]
[debug] [2025-09-21T18:11:44.297Z] Got a 401 Unauthenticated error for a call that required authentication. Refreshing tokens.
[debug] [2025-09-21T18:11:44.298Z] Checked if tokens are valid: false, expires at: 1742506405486
[debug] [2025-09-21T18:11:44.298Z] Checked if tokens are valid: false, expires at: 1742506405486
[debug] [2025-09-21T18:11:44.298Z] > refreshing access token with scopes: []
[debug] [2025-09-21T18:11:44.299Z] >>> [apiv2][query] POST https://www.googleapis.com/oauth2/v3/token [none]
[debug] [2025-09-21T18:11:44.299Z] >>> [apiv2][body] POST https://www.googleapis.com/oauth2/v3/token [omitted]
[debug] [2025-09-21T18:11:44.396Z] <<< [apiv2][status] POST https://www.googleapis.com/oauth2/v3/token 400
[debug] [2025-09-21T18:11:44.396Z] <<< [apiv2][body] POST https://www.googleapis.com/oauth2/v3/token [omitted]
[debug] [2025-09-21T18:11:44.399Z] Request to https://firebase.googleapis.com/v1beta1/projects?pageSize=1000 had HTTP Error: 401, Request had invalid authentication credentials. Expected OAuth 2 access token, login cookie or other valid authentication credential. See https://developers.google.com/identity/sign-in/web/devconsole-project.
[debug] [2025-09-21T18:11:44.514Z] FirebaseError: Request to https://firebase.googleapis.com/v1beta1/projects?pageSize=1000 had HTTP Error: 401, Request had invalid authentication credentials. Expected OAuth 2 access token, login cookie or other valid authentication credential. See https://developers.google.com/identity/sign-in/web/devconsole-project.
    at responseToError (C:\Users\aadil\AppData\Roaming\npm\node_modules\firebase-tools\lib\responseToError.js:52:12)
    at RetryOperation._fn (C:\Users\aadil\AppData\Roaming\npm\node_modules\firebase-tools\lib\apiv2.js:312:77)
    at process.processTicksAndRejections (node:internal/process/task_queues:105:5)
[error] 
[error] Error: Failed to list Firebase projects. See firebase-debug.log for more info.
